<?xml version="1.0" encoding="UTF-8"?>
<!-- Generated by org.testng.reporters.JUnitReportReporter -->
<testsuite hostname="L295-W-MARIRAJP" failures="0" tests="1" name="SRSproject.LoginTests.UnAuthorizedAccessToPCS" time="21.450" errors="0" timestamp="2022-04-13T15:54:20 IST" skipped="0">
  <testcase classname="SRSproject.LoginTests.UnAuthorizedAccessToPCS" name="AccessQPS" time="21.450"/>
  <system-out/>
</testsuite> <!-- SRSproject.LoginTests.UnAuthorizedAccessToPCS -->
