<?xml version="1.0" encoding="UTF-8"?>
<!-- Generated by org.testng.reporters.JUnitReportReporter -->
<testsuite hostname="L295-W-MARIRAJP" failures="0" tests="2" name="SRSproject.SRSproject.ProductDetailPageTest" time="107.621" errors="0" timestamp="2022-04-13T18:44:44 IST" skipped="0">
  <testcase classname="SRSproject.SRSproject.ProductDetailPageTest" name="PDP_RegisterRedirection_GuestValidation" time="22.399"/>
  <system-out/>
  <testcase classname="SRSproject.SRSproject.ProductDetailPageTest" name="AddingItemToCart" time="85.222"/>
  <system-out/>
</testsuite> <!-- SRSproject.SRSproject.ProductDetailPageTest -->
