<?xml version="1.0" encoding="UTF-8"?>
<!-- Generated by org.testng.reporters.JUnitReportReporter -->
<testsuite hostname="L295-W-MARIRAJP" failures="0" tests="4" name="SRSproject.SRSproject.QuickOrderPadTest" time="203.264" errors="0" timestamp="2022-04-13T18:44:44 IST" skipped="0">
  <testcase classname="SRSproject.SRSproject.QuickOrderPadTest" name="Quick_OrderPad_Validation" time="70.913"/>
  <system-out/>
  <testcase classname="SRSproject.SRSproject.QuickOrderPadTest" name="Quick_OrderPad_FileUpload_Validation" time="70.776"/>
  <system-out/>
  <testcase classname="SRSproject.SRSproject.QuickOrderPadTest" name="Quick_OrderPad_UploadedtoBulkOrder_Validation" time="16.219"/>
  <system-out/>
  <testcase classname="SRSproject.SRSproject.QuickOrderPadTest" name="Quick_OrderPad_InvalidFileUpload_Validation" time="45.356"/>
  <system-out/>
</testsuite> <!-- SRSproject.SRSproject.QuickOrderPadTest -->
