<?xml version="1.0" encoding="UTF-8"?>
<!-- Generated by org.testng.reporters.JUnitReportReporter -->
<testsuite hostname="L295-W-MARIRAJP" failures="0" tests="2" name="SRSproject.LoginTests.ApprovedLoginMultiBrandTest" time="45.607" errors="0" timestamp="2022-03-31T18:22:30 IST" skipped="1">
  <testcase classname="SRSproject.LoginTests.ApprovedLoginMultiBrandTest" name="LoginValidationForMultiBrandQPS" time="45.607"/>
  <system-out/>
  <testcase classname="SRSproject.LoginTests.ApprovedLoginMultiBrandTest" name="LoginValidationForMultiBrandPCS">
    <skipped/>
  </testcase> <!-- LoginValidationForMultiBrandPCS -->
  <system-out/>
</testsuite> <!-- SRSproject.LoginTests.ApprovedLoginMultiBrandTest -->
