<?xml version="1.0" encoding="UTF-8"?>
<!-- Generated by org.testng.reporters.JUnitReportReporter -->
<testsuite hostname="L295-W-MARIRAJP" failures="0" tests="2" name="SRSproject.SRSproject.CompanyUserTest" time="138.947" errors="0" timestamp="2022-04-13T15:54:20 IST" skipped="0">
  <testcase classname="SRSproject.SRSproject.CompanyUserTest" name="CreateCompanyUser" time="50.015"/>
  <system-out/>
  <testcase classname="SRSproject.SRSproject.CompanyUserTest" name="AddNewUserRole" time="88.932"/>
  <system-out/>
</testsuite> <!-- SRSproject.SRSproject.CompanyUserTest -->
