<?xml version="1.0" encoding="UTF-8"?>
<!-- Generated by org.testng.reporters.JUnitReportReporter -->
<testsuite hostname="L85-W-HEERAP" failures="0" tests="8" name="SRSproject.SRSproject.StoreLocatorsPageTest" time="227.298" errors="0" timestamp="2022-03-17T15:13:45 IST" skipped="0">
  <testcase classname="SRSproject.SRSproject.StoreLocatorsPageTest" name="AllBranchValidation" time="60.997"/>
  <testcase classname="SRSproject.SRSproject.StoreLocatorsPageTest" name="SelectBranch_RedirectionValidation" time="19.266"/>
  <testcase classname="SRSproject.SRSproject.StoreLocatorsPageTest" name="LocationBasedBranchValidation" time="23.706"/>
  <testcase classname="SRSproject.SRSproject.StoreLocatorsPageTest" name="ZipcodeBasedBranchValidation" time="23.605"/>
  <testcase classname="SRSproject.SRSproject.StoreLocatorsPageTest" name="GetDirection_RedirectionValidation" time="20.727"/>
  <testcase classname="SRSproject.SRSproject.StoreLocatorsPageTest" name="InValidLocationSearch_Validation" time="17.589"/>
  <testcase classname="SRSproject.SRSproject.StoreLocatorsPageTest" name="ChangeBranchDisplayed_LoggedInUser_Validation" time="28.816"/>
  <testcase classname="SRSproject.SRSproject.StoreLocatorsPageTest" name="ChangingBranch_Validation" time="32.592"/>
</testsuite> <!-- SRSproject.SRSproject.StoreLocatorsPageTest -->
