<?xml version="1.0" encoding="UTF-8"?>
<!-- Generated by org.testng.reporters.JUnitReportReporter -->
<testsuite hostname="L295-W-MARIRAJP" failures="0" tests="2" name="SRSproject.LoginTests.ApprovedLoginTest" time="38.494" errors="0" timestamp="2022-04-01T09:05:25 IST" skipped="1">
  <testcase classname="SRSproject.LoginTests.ApprovedLoginTest" name="LoginValidationQPS" time="38.494"/>
  <system-out/>
  <testcase classname="SRSproject.LoginTests.ApprovedLoginTest" name="LoginValidationPCS">
    <skipped/>
  </testcase> <!-- LoginValidationPCS -->
  <system-out/>
</testsuite> <!-- SRSproject.LoginTests.ApprovedLoginTest -->
