<?xml version="1.0" encoding="UTF-8"?>
<!-- Generated by org.testng.reporters.JUnitReportReporter -->
<testsuite hostname="L295-W-MARIRAJP" failures="0" tests="1" name="SRSproject.LoginTests.UnAuthorizedAccessToAgon" time="21.405" errors="0" timestamp="2022-04-07T11:29:54 IST" skipped="0">
  <testcase classname="SRSproject.LoginTests.UnAuthorizedAccessToAgon" name="AccessPEP" time="21.405"/>
  <system-out/>
</testsuite> <!-- SRSproject.LoginTests.UnAuthorizedAccessToAgon -->
