<?xml version="1.0" encoding="UTF-8"?>
<!-- Generated by org.testng.reporters.JUnitReportReporter -->
<testsuite hostname="L295-W-MARIRAJP" failures="0" tests="1" name="SRSproject.LoginTests.UnAuthorizedAccessToPEP" time="9.652" errors="0" timestamp="2022-04-07T11:22:56 IST" skipped="0">
  <testcase classname="SRSproject.LoginTests.UnAuthorizedAccessToPEP" name="AccessPCS" time="9.652"/>
  <system-out/>
</testsuite> <!-- SRSproject.LoginTests.UnAuthorizedAccessToPEP -->
