<?xml version="1.0" encoding="UTF-8"?>
<!-- Generated by org.testng.reporters.JUnitReportReporter -->
<testsuite hostname="L295-W-MARIRAJP" failures="0" tests="19" name="SRSproject.SRSproject.RegistrationFormTest" time="238.190" errors="0" timestamp="2022-04-13T18:44:44 IST" skipped="2">
  <testcase classname="SRSproject.SRSproject.RegistrationFormTest" name="RegistrationForm_RegisternowRedirectionValidation" time="3.977"/>
  <system-out/>
  <testcase classname="SRSproject.SRSproject.RegistrationFormTest" name="RegistrationForm_BrandFieldDisplayed" time="0.034"/>
  <system-out/>
  <testcase classname="SRSproject.SRSproject.RegistrationFormTest" name="RegistrationForm_KnowMyHeritagePlusAccount" time="1.656"/>
  <system-out/>
  <testcase classname="SRSproject.SRSproject.RegistrationFormTest" name="RegistrationForm_Dont_KnowMyHeritagePlusAccountValidation" time="2.133"/>
  <system-out/>
  <testcase classname="SRSproject.SRSproject.RegistrationFormTest" name="RegistrationForm_DontHave_MyHeritagePlusAccountValidation" time="1.638"/>
  <system-out/>
  <testcase classname="SRSproject.SRSproject.RegistrationFormTest" name="RegistrationForm_AccountInfoSelectionValidation" time="3.377"/>
  <system-out/>
  <testcase classname="SRSproject.SRSproject.RegistrationFormTest" name="RegistrationForm_yes_Industrial_ProfessionalValidation" time="1.699"/>
  <system-out/>
  <testcase classname="SRSproject.SRSproject.RegistrationFormTest" name="RegistrationForm_Not_Industrial_ProfessionalValidation" time="1.704"/>
  <system-out/>
  <testcase classname="SRSproject.SRSproject.RegistrationFormTest" name="RegistrationForm_GLobalsite_FieldErrorValidation" time="2.055"/>
  <system-out/>
  <testcase classname="SRSproject.SRSproject.RegistrationFormTest" name="RegistrationForm_GLobalsite_PhoneNoValidation" time="0.123"/>
  <system-out/>
  <testcase classname="SRSproject.SRSproject.RegistrationFormTest" name="RegistrationForm_GLobalsite_IncorrectEmailValidation" time="1.573"/>
  <system-out/>
  <testcase classname="SRSproject.SRSproject.RegistrationFormTest" name="RegistrationForm_GLobalsite_ExistingEmailValidation" time="15.395"/>
  <system-out/>
  <testcase classname="SRSproject.SRSproject.RegistrationFormTest" name="RegistrationForm_GLobalsite_TermNotCheckedValidation" time="0.055"/>
  <system-out/>
  <testcase classname="SRSproject.SRSproject.RegistrationFormTest" name="RegistrationForm_PCS_BrandAndBranchValidation" time="32.171"/>
  <system-out/>
  <testcase classname="SRSproject.SRSproject.RegistrationFormTest" name="RegistrationForm_QPS_BrandAndBranchValidation" time="24.469"/>
  <system-out/>
  <testcase classname="SRSproject.SRSproject.RegistrationFormTest" name="RegistrationForm_KnowHertiageAccount_RegistrationValidation" time="73.424"/>
  <system-out/>
  <testcase classname="SRSproject.SRSproject.RegistrationFormTest" name="RegistrationForm_QPSBranch_RegistrationValidation" time="72.707"/>
  <system-out/>
  <testcase classname="SRSproject.SRSproject.RegistrationFormTest" name="RegistrationForm_DontKnowHertiageAccount_RegistrationValidation">
    <skipped/>
  </testcase> <!-- RegistrationForm_DontKnowHertiageAccount_RegistrationValidation -->
  <system-out/>
  <testcase classname="SRSproject.SRSproject.RegistrationFormTest" name="RegistrationForm_Aqua_gon__BrandAndBranchValidation">
    <skipped/>
  </testcase> <!-- RegistrationForm_Aqua_gon__BrandAndBranchValidation -->
  <system-out/>
</testsuite> <!-- SRSproject.SRSproject.RegistrationFormTest -->
