<?xml version="1.0" encoding="UTF-8"?>
<!-- Generated by org.testng.reporters.JUnitReportReporter -->
<testsuite hostname="L295-W-MARIRAJP" failures="0" tests="2" name="SRSproject.SRSproject.BrandLoginMultiBrandTest" time="73.197" errors="0" timestamp="2022-04-13T15:54:20 IST" skipped="0">
  <testcase classname="SRSproject.SRSproject.BrandLoginMultiBrandTest" name="MultiBrandChangeValidation" time="30.691"/>
  <system-out/>
  <testcase classname="SRSproject.SRSproject.BrandLoginMultiBrandTest" name="MultiBrandLoginValidation" time="42.506"/>
  <system-out/>
</testsuite> <!-- SRSproject.SRSproject.BrandLoginMultiBrandTest -->
